usage: train.py [-h] [--mode {train,optim,test}] [--name NAME] [--stock STOCK]
                [--window_size WINDOW_SIZE] [--window_stride WINDOW_STRIDE]
                [--target_length TARGET_LENGTH] [--time_step TIME_STEP]
                [--hidden_dim_g HIDDEN_DIM_G] [--num_layers_g NUM_LAYERS_G]
                [--hidden_dim_d HIDDEN_DIM_D] [--num_layers_d NUM_LAYERS_D]
                [--lr_g LR_G] [--lr_d LR_D] [--cuda CUDA] [--epoch EPOCH]
                [--noise_dim NOISE_DIM] [--batch_size BATCH_SIZE]
                [--d_iter D_ITER] [--gp_lambda GP_LAMBDA]
                [--pred_times PRED_TIMES] [--bound_percent BOUND_PERCENT]
train.py: error: argument --num_layers_d: expected one argument
usage: train.py [-h] [--mode {train,optim,test}] [--name NAME] [--stock STOCK]
                [--window_size WINDOW_SIZE] [--window_stride WINDOW_STRIDE]
                [--target_length TARGET_LENGTH] [--time_step TIME_STEP]
                [--hidden_dim_g HIDDEN_DIM_G] [--num_layers_g NUM_LAYERS_G]
                [--hidden_dim_d HIDDEN_DIM_D] [--num_layers_d NUM_LAYERS_D]
                [--lr_g LR_G] [--lr_d LR_D] [--cuda CUDA] [--epoch EPOCH]
                [--noise_dim NOISE_DIM] [--batch_size BATCH_SIZE]
                [--d_iter D_ITER] [--gp_lambda GP_LAMBDA]
                [--pred_times PRED_TIMES] [--bound_percent BOUND_PERCENT]
train.py: error: argument --num_layers_d: expected one argument
usage: train.py [-h] [--mode {train,optim,test}] [--name NAME] [--stock STOCK]
                [--window_size WINDOW_SIZE] [--window_stride WINDOW_STRIDE]
                [--target_length TARGET_LENGTH] [--time_step TIME_STEP]
                [--hidden_dim_g HIDDEN_DIM_G] [--num_layers_g NUM_LAYERS_G]
                [--hidden_dim_d HIDDEN_DIM_D] [--num_layers_d NUM_LAYERS_D]
                [--lr_g LR_G] [--lr_d LR_D] [--cuda CUDA] [--epoch EPOCH]
                [--noise_dim NOISE_DIM] [--batch_size BATCH_SIZE]
                [--d_iter D_ITER] [--gp_lambda GP_LAMBDA]
                [--pred_times PRED_TIMES] [--bound_percent BOUND_PERCENT]
train.py: error: argument --num_layers_d: expected one argument
usage: train.py [-h] [--mode {train,optim,test}] [--name NAME] [--stock STOCK]
                [--window_size WINDOW_SIZE] [--window_stride WINDOW_STRIDE]
                [--target_length TARGET_LENGTH] [--time_step TIME_STEP]
                [--hidden_dim_g HIDDEN_DIM_G] [--num_layers_g NUM_LAYERS_G]
                [--hidden_dim_d HIDDEN_DIM_D] [--num_layers_d NUM_LAYERS_D]
                [--lr_g LR_G] [--lr_d LR_D] [--cuda CUDA] [--epoch EPOCH]
                [--noise_dim NOISE_DIM] [--batch_size BATCH_SIZE]
                [--d_iter D_ITER] [--gp_lambda GP_LAMBDA]
                [--pred_times PRED_TIMES] [--bound_percent BOUND_PERCENT]
train.py: error: argument --num_layers_d: expected one argument
usage: train.py [-h] [--mode {train,optim,test}] [--name NAME] [--stock STOCK]
                [--window_size WINDOW_SIZE] [--window_stride WINDOW_STRIDE]
                [--target_length TARGET_LENGTH] [--time_step TIME_STEP]
                [--hidden_dim_g HIDDEN_DIM_G] [--num_layers_g NUM_LAYERS_G]
                [--hidden_dim_d HIDDEN_DIM_D] [--num_layers_d NUM_LAYERS_D]
                [--lr_g LR_G] [--lr_d LR_D] [--cuda CUDA] [--epoch EPOCH]
                [--noise_dim NOISE_DIM] [--batch_size BATCH_SIZE]
                [--d_iter D_ITER] [--gp_lambda GP_LAMBDA]
                [--pred_times PRED_TIMES] [--bound_percent BOUND_PERCENT]
train.py: error: argument --num_layers_d: expected one argument
usage: train.py [-h] [--mode {train,optim,test}] [--name NAME] [--stock STOCK]
                [--window_size WINDOW_SIZE] [--window_stride WINDOW_STRIDE]
                [--target_length TARGET_LENGTH] [--time_step TIME_STEP]
                [--hidden_dim_g HIDDEN_DIM_G] [--num_layers_g NUM_LAYERS_G]
                [--hidden_dim_d HIDDEN_DIM_D] [--num_layers_d NUM_LAYERS_D]
                [--lr_g LR_G] [--lr_d LR_D] [--cuda CUDA] [--epoch EPOCH]
                [--noise_dim NOISE_DIM] [--batch_size BATCH_SIZE]
                [--d_iter D_ITER] [--gp_lambda GP_LAMBDA]
                [--pred_times PRED_TIMES] [--bound_percent BOUND_PERCENT]
train.py: error: argument --num_layers_d: expected one argument
usage: train.py [-h] [--mode {train,optim,test}] [--name NAME] [--stock STOCK]
                [--window_size WINDOW_SIZE] [--window_stride WINDOW_STRIDE]
                [--target_length TARGET_LENGTH] [--time_step TIME_STEP]
                [--hidden_dim_g HIDDEN_DIM_G] [--num_layers_g NUM_LAYERS_G]
                [--hidden_dim_d HIDDEN_DIM_D] [--num_layers_d NUM_LAYERS_D]
                [--lr_g LR_G] [--lr_d LR_D] [--cuda CUDA] [--epoch EPOCH]
                [--noise_dim NOISE_DIM] [--batch_size BATCH_SIZE]
                [--d_iter D_ITER] [--gp_lambda GP_LAMBDA]
                [--pred_times PRED_TIMES] [--bound_percent BOUND_PERCENT]
train.py: error: argument --num_layers_d: expected one argument
usage: train.py [-h] [--mode {train,optim,test}] [--name NAME] [--stock STOCK]
                [--window_size WINDOW_SIZE] [--window_stride WINDOW_STRIDE]
                [--target_length TARGET_LENGTH] [--time_step TIME_STEP]
                [--hidden_dim_g HIDDEN_DIM_G] [--num_layers_g NUM_LAYERS_G]
                [--hidden_dim_d HIDDEN_DIM_D] [--num_layers_d NUM_LAYERS_D]
                [--lr_g LR_G] [--lr_d LR_D] [--cuda CUDA] [--epoch EPOCH]
                [--noise_dim NOISE_DIM] [--batch_size BATCH_SIZE]
                [--d_iter D_ITER] [--gp_lambda GP_LAMBDA]
                [--pred_times PRED_TIMES] [--bound_percent BOUND_PERCENT]
train.py: error: argument --num_layers_d: expected one argument
